1000 epochs:
n=[50] 4.2
n=[75] 4.4
n=[100] 6.3
n=[150] 9.2
n=[200] 6.9

n=[30] 4.4
n=[40] 4.5
n=[50] 4.3
n=[75] 5.7
n=[100] 5.1
n=[150] 5.7
n=[200] 5.4

n=[5] 8.6
n=[10] 5.5
n=[15] 6.3
n=[20] 5.6
n=[25] 4.9
n=[30] 4.7

n=[10] 6.4
n=[20] 5.2
n=[30] 5.5
n=[40] 4.8
n=[50] 4.7
n=[60] 5.3
n=[70] 5.9

5000 epochs:
n=[10] 5.4
n=[20] 4.0
n=[30] 3.9
n=[40] 3.0
n=[50] 3.0
n=[60] 3.6
n=[70] 3.3

1000 epochs w/o cheating:
n=[5] 25.3
n=[15] 23.5
n=[25] 22.2
n=[35] 21.6
n=[45] 22.6
n=[55] 20.6
n=[65] 21.4
n=[75] 20.6

2000 epochs w/o cheating:
n=[25] 20.5
n=[50] 18.7
n=[75] 17.0
n=[100] 15.5

5000 epochs w/o cheating:
n=[25] 17.9
n=[50] 15.8
n=[75] 13.4
n=[100] 11.6
